<?xml version="1.0" encoding="UTF-8"?>
<!-- Generated by org.testng.reporters.JUnitReportReporter -->
<testsuite skipped="0" hostname="DESKTOP-QLO1G7H" name="cucumberOptions.TestNGTestRunnerClass" tests="1" failures="0" timestamp="2022-06-01T18:37:34 IST" time="17.483" errors="0">
  <testcase name="runScenario" time="17.483" classname="cucumberOptions.TestNGTestRunnerClass"/>
  <system-out/>
</testsuite> <!-- cucumberOptions.TestNGTestRunnerClass -->
