<?xml version="1.0" encoding="UTF-8"?>
<!-- Generated by org.testng.reporters.JUnitReportReporter -->
<testsuite skipped="0" hostname="DESKTOP-QLO1G7H" name="cucumberOptions.TestNGTestRunnerClass" tests="1" failures="0" timestamp="2022-06-03T20:24:30 IST" time="14.582" errors="0">
  <testcase name="runScenario" time="14.582" classname="cucumberOptions.TestNGTestRunnerClass"/>
  <system-out/>
</testsuite> <!-- cucumberOptions.TestNGTestRunnerClass -->
